<?xml version="1.0" encoding="UTF-8"?>
<coverage generated="1690464552801" clover="3.2.0">
  <project timestamp="1690464552802" name="All files">
    <metrics statements="26" coveredstatements="13" conditionals="4" coveredconditionals="0" methods="11" coveredmethods="5" elements="41" coveredelements="18" complexity="0" loc="26" ncloc="26" packages="1" files="2" classes="2"/>
    <file name="one_task.js" path="/home/wac/projects/smart-todo-list-v3/src/one_task.js">
      <metrics statements="4" coveredstatements="3" conditionals="0" coveredconditionals="0" methods="2" coveredmethods="1"/>
      <line num="3" count="2" type="stmt"/>
      <line num="4" count="2" type="stmt"/>
      <line num="5" count="2" type="stmt"/>
      <line num="9" count="0" type="stmt"/>
    </file>
    <file name="tasks.js" path="/home/wac/projects/smart-todo-list-v3/src/tasks.js">
      <metrics statements="22" coveredstatements="10" conditionals="4" coveredconditionals="0" methods="9" coveredmethods="4"/>
      <line num="3" count="1" type="stmt"/>
      <line num="4" count="1" type="stmt"/>
      <line num="8" count="2" type="stmt"/>
      <line num="9" count="2" type="stmt"/>
      <line num="13" count="0" type="stmt"/>
      <line num="17" count="0" type="stmt"/>
      <line num="21" count="2" type="stmt"/>
      <line num="22" count="1" type="stmt"/>
      <line num="23" count="1" type="stmt"/>
      <line num="24" count="1" type="stmt"/>
      <line num="25" count="1" type="stmt"/>
      <line num="29" count="1" type="stmt"/>
      <line num="30" count="0" type="stmt"/>
      <line num="31" count="0" type="stmt"/>
      <line num="32" count="0" type="cond" truecount="0" falsecount="2"/>
      <line num="33" count="0" type="stmt"/>
      <line num="34" count="0" type="stmt"/>
      <line num="40" count="0" type="stmt"/>
      <line num="41" count="0" type="stmt"/>
      <line num="45" count="0" type="stmt"/>
      <line num="46" count="0" type="cond" truecount="0" falsecount="2"/>
      <line num="47" count="0" type="stmt"/>
    </file>
  </project>
</coverage>
