TN:
SF:src\one_task.js
FN:2,(anonymous_0)
FN:8,(anonymous_1)
FNF:2
FNH:1
FNDA:6,(anonymous_0)
FNDA:0,(anonymous_1)
DA:3,6
DA:4,6
DA:5,6
DA:9,0
LF:4
LH:3
BRF:0
BRH:0
end_of_record
TN:
SF:src\tasks.js
FN:2,(anonymous_0)
FN:7,(anonymous_1)
FN:12,(anonymous_2)
FN:16,(anonymous_3)
FN:20,(anonymous_4)
FN:21,(anonymous_5)
FN:29,(anonymous_6)
FN:39,(anonymous_7)
FN:44,(anonymous_8)
FNF:9
FNH:4
FNDA:2,(anonymous_0)
FNDA:3,(anonymous_1)
FNDA:1,(anonymous_2)
FNDA:1,(anonymous_3)
FNDA:0,(anonymous_4)
FNDA:0,(anonymous_5)
FNDA:0,(anonymous_6)
FNDA:0,(anonymous_7)
FNDA:0,(anonymous_8)
DA:3,2
DA:4,2
DA:8,3
DA:9,3
DA:13,1
DA:17,1
DA:21,0
DA:22,0
DA:23,0
DA:24,0
DA:25,0
DA:29,2
DA:30,0
DA:31,0
DA:32,0
DA:33,0
DA:34,0
DA:40,0
DA:41,0
DA:45,0
DA:46,0
DA:47,0
LF:22
LH:7
BRDA:32,0,0,0
BRDA:32,0,1,0
BRDA:46,1,0,0
BRDA:46,1,1,0
BRF:4
BRH:0
end_of_record
